<?xml version="1.0" encoding="UTF-8"?>
<!-- Generated by org.testng.reporters.JUnitXMLReporter -->
<testsuite ignored="3" hostname="DESKTOP-FL1QLG9" failures="0" tests="1" name="Default test" time="1.602" errors="0" timestamp="2025-01-24T01:04:54 GMT">
  <testcase classname="ApiTesting.ApiTesting.testing.AppTest" name="postRequestWithOutBDD" time="1.069"/>
  <testcase classname="ApiTesting.ApiTesting.testing.AppTest" name="getRequestUsingBDD" time="0.0">
    <ignored/>
  </testcase> <!-- getRequestUsingBDD -->
  <testcase classname="ApiTesting.ApiTesting.testing.AppTest" name="verifyStatusCode" time="0.0">
    <ignored/>
  </testcase> <!-- verifyStatusCode -->
  <testcase classname="ApiTesting.ApiTesting.testing.AppTest" name="postRequestWithBDD" time="0.0">
    <ignored/>
  </testcase> <!-- postRequestWithBDD -->
</testsuite> <!-- Default test -->
