<?xml version="1.0" encoding="UTF-8"?>
<!-- Generated by org.testng.reporters.JUnitXMLReporter -->
<testsuite ignored="0" hostname="DESKTOP-FL1QLG9" failures="0" tests="3" name="Default test" time="2.457" errors="0" timestamp="2025-01-24T00:51:07 GMT">
  <testcase classname="ApiTesting.ApiTesting.testing.AppTest" name="getRequestUsingBDD" time="1.693"/>
  <testcase classname="ApiTesting.ApiTesting.testing.AppTest" name="postRequestWithBDD" time="0.142"/>
  <testcase classname="ApiTesting.ApiTesting.testing.AppTest" name="verifyStatusCode" time="0.094"/>
</testsuite> <!-- Default test -->
