<?xml version="1.0" encoding="UTF-8"?>
<testng-results ignored="0" total="1" passed="1" failed="0" skipped="0">
  <reporter-output>
  </reporter-output>
  <suite started-at="2025-01-23T15:19:47 GMT" name="Default suite" finished-at="2025-01-23T15:19:49 GMT" duration-ms="1756">
    <groups>
    </groups>
    <test started-at="2025-01-23T15:19:47 GMT" name="Default test" finished-at="2025-01-23T15:19:49 GMT" duration-ms="1756">
      <class name="ApiTesting.ApiTesting.testing.AppTest">
        <test-method signature="verifyStatusCode()[pri:0, instance:ApiTesting.ApiTesting.testing.AppTest@290222c1]" started-at="2025-01-23T15:19:47 GMT" name="verifyStatusCode" finished-at="2025-01-23T15:19:49 GMT" duration-ms="1708" status="PASS">
          <reporter-output>
          </reporter-output>
        </test-method> <!-- verifyStatusCode -->
      </class> <!-- ApiTesting.ApiTesting.testing.AppTest -->
    </test> <!-- Default test -->
  </suite> <!-- Default suite -->
</testng-results>
