<?xml version="1.0" encoding="UTF-8"?>
<testng-results ignored="0" total="1" passed="1" failed="0" skipped="0">
  <reporter-output>
  </reporter-output>
  <suite started-at="2025-01-24T01:04:52 GMT" name="Default suite" finished-at="2025-01-24T01:04:54 GMT" duration-ms="1602">
    <groups>
    </groups>
    <test started-at="2025-01-24T01:04:52 GMT" name="Default test" finished-at="2025-01-24T01:04:54 GMT" duration-ms="1602">
      <class name="ApiTesting.ApiTesting.testing.AppTest">
        <test-method is-config="true" signature="initializeValues()[pri:0, instance:ApiTesting.ApiTesting.testing.AppTest@1e6a3214]" started-at="2025-01-24T01:04:52 GMT" name="initializeValues" finished-at="2025-01-24T01:04:53 GMT" duration-ms="475" status="PASS">
          <reporter-output>
          </reporter-output>
        </test-method> <!-- initializeValues -->
        <test-method signature="postRequestWithOutBDD()[pri:0, instance:ApiTesting.ApiTesting.testing.AppTest@1e6a3214]" started-at="2025-01-24T01:04:53 GMT" name="postRequestWithOutBDD" finished-at="2025-01-24T01:04:54 GMT" duration-ms="1069" status="PASS">
          <reporter-output>
          </reporter-output>
        </test-method> <!-- postRequestWithOutBDD -->
      </class> <!-- ApiTesting.ApiTesting.testing.AppTest -->
    </test> <!-- Default test -->
  </suite> <!-- Default suite -->
</testng-results>
